<?xml version="1.0" encoding="UTF-8"?>
<!-- Generated by org.testng.reporters.JUnitReportReporter -->
<testsuite skipped="0" hostname="LAPTOP-76PGCCB3" name="com.testautomation.TestRunner.TestRunner" tests="2" failures="0" timestamp="2019-12-16T07:23:00 IST" time="39.224" errors="0">
  <testcase name="feature" time="19.178" classname="com.testautomation.TestRunner.TestRunner"/>
  <testcase name="feature" time="20.046" classname="com.testautomation.TestRunner.TestRunner"/>
</testsuite> <!-- com.testautomation.TestRunner.TestRunner -->
